2015-04-04 14:12:48,358 [main] ERROR org.eclipse.jgit.util.FS - Caught exception in FS.readPipe()
java.io.IOException: Cannot run program "bash" (in directory "C:\Users\Radhika"): CreateProcess error=2, The system cannot find the file specified
	at java.lang.ProcessBuilder.start(Unknown Source) ~[na:1.8.0_20]
	at java.lang.Runtime.exec(Unknown Source) ~[na:1.8.0_20]
	at org.eclipse.jgit.util.FS.readPipe(FS.java:431) [org.eclipse.jgit_3.7.0.201502260915-r.jar:3.7.0.201502260915-r]
	at org.eclipse.jgit.util.FS_Win32.discoverGitPrefix(FS_Win32.java:113) [org.eclipse.jgit_3.7.0.201502260915-r.jar:3.7.0.201502260915-r]
	at org.eclipse.jgit.util.FS.gitPrefix(FS.java:517) [org.eclipse.jgit_3.7.0.201502260915-r.jar:3.7.0.201502260915-r]
	at org.eclipse.egit.ui.internal.ConfigurationChecker.checkGitPrefix(ConfigurationChecker.java:69) [org.eclipse.egit.ui_3.7.0.201502260915-r.jar:na]
	at org.eclipse.egit.ui.internal.ConfigurationChecker.check(ConfigurationChecker.java:61) [org.eclipse.egit.ui_3.7.0.201502260915-r.jar:na]
	at org.eclipse.egit.ui.internal.ConfigurationChecker.access$0(ConfigurationChecker.java:60) [org.eclipse.egit.ui_3.7.0.201502260915-r.jar:na]
	at org.eclipse.egit.ui.internal.ConfigurationChecker$1$1.run(ConfigurationChecker.java:48) [org.eclipse.egit.ui_3.7.0.201502260915-r.jar:na]
	at org.eclipse.swt.widgets.RunnableLock.run(RunnableLock.java:35) [org.eclipse.swt.win32.win32.x86_64_3.102.1.v20140206-1358.jar:na]
	at org.eclipse.swt.widgets.Synchronizer.runAsyncMessages(Synchronizer.java:135) [org.eclipse.swt.win32.win32.x86_64_3.102.1.v20140206-1358.jar:na]
	at org.eclipse.swt.widgets.Display.runAsyncMessages(Display.java:4145) [org.eclipse.swt.win32.win32.x86_64_3.102.1.v20140206-1358.jar:na]
	at org.eclipse.swt.widgets.Display.readAndDispatch(Display.java:3762) [org.eclipse.swt.win32.win32.x86_64_3.102.1.v20140206-1358.jar:na]
	at org.eclipse.e4.ui.internal.workbench.swt.PartRenderingEngine$9.run(PartRenderingEngine.java:1113) [org.eclipse.e4.ui.workbench.swt_0.12.2.v20140117-1939.jar:na]
	at org.eclipse.core.databinding.observable.Realm.runWithDefault(Realm.java:332) [org.eclipse.core.databinding.observable_1.4.1.v20130515-1857.jar:na]
	at org.eclipse.e4.ui.internal.workbench.swt.PartRenderingEngine.run(PartRenderingEngine.java:997) [org.eclipse.e4.ui.workbench.swt_0.12.2.v20140117-1939.jar:na]
	at org.eclipse.e4.ui.internal.workbench.E4Workbench.createAndRunUI(E4Workbench.java:140) [org.eclipse.e4.ui.workbench_1.0.2.v20131202-1739.jar:na]
	at org.eclipse.ui.internal.Workbench$5.run(Workbench.java:611) [org.eclipse.ui.workbench_3.105.2.v20140211-1711.jar:na]
	at org.eclipse.core.databinding.observable.Realm.runWithDefault(Realm.java:332) [org.eclipse.core.databinding.observable_1.4.1.v20130515-1857.jar:na]
	at org.eclipse.ui.internal.Workbench.createAndRunWorkbench(Workbench.java:567) [org.eclipse.ui.workbench_3.105.2.v20140211-1711.jar:na]
	at org.eclipse.ui.PlatformUI.createAndRunWorkbench(PlatformUI.java:150) [org.eclipse.ui.workbench_3.105.2.v20140211-1711.jar:na]
	at org.eclipse.ui.internal.ide.application.IDEApplication.start(IDEApplication.java:124) [org.eclipse.ui.ide.application_1.0.401.v20131105-1007.jar:na]
	at org.eclipse.equinox.internal.app.EclipseAppHandle.run(EclipseAppHandle.java:196) [org.eclipse.equinox.app_1.3.100.v20130327-1442.jar:na]
	at org.eclipse.core.runtime.internal.adaptor.EclipseAppLauncher.runApplication(EclipseAppLauncher.java:110) [org.eclipse.osgi_3.9.1.v20140110-1610.jar:na]
	at org.eclipse.core.runtime.internal.adaptor.EclipseAppLauncher.start(EclipseAppLauncher.java:79) [org.eclipse.osgi_3.9.1.v20140110-1610.jar:na]
	at org.eclipse.core.runtime.adaptor.EclipseStarter.run(EclipseStarter.java:354) [org.eclipse.osgi_3.9.1.v20140110-1610.jar:na]
	at org.eclipse.core.runtime.adaptor.EclipseStarter.run(EclipseStarter.java:181) [org.eclipse.osgi_3.9.1.v20140110-1610.jar:na]
	at sun.reflect.NativeMethodAccessorImpl.invoke0(Native Method) ~[na:1.8.0_20]
	at sun.reflect.NativeMethodAccessorImpl.invoke(Unknown Source) ~[na:1.8.0_20]
	at sun.reflect.DelegatingMethodAccessorImpl.invoke(Unknown Source) ~[na:1.8.0_20]
	at java.lang.reflect.Method.invoke(Unknown Source) ~[na:1.8.0_20]
	at org.eclipse.equinox.launcher.Main.invokeFramework(Main.java:636) [org.eclipse.equinox.launcher_1.3.0.v20130327-1440.jar:na]
	at org.eclipse.equinox.launcher.Main.basicRun(Main.java:591) [org.eclipse.equinox.launcher_1.3.0.v20130327-1440.jar:na]
	at org.eclipse.equinox.launcher.Main.run(Main.java:1450) [org.eclipse.equinox.launcher_1.3.0.v20130327-1440.jar:na]
	at org.eclipse.equinox.launcher.Main.main(Main.java:1426) [org.eclipse.equinox.launcher_1.3.0.v20130327-1440.jar:na]
Caused by: java.io.IOException: CreateProcess error=2, The system cannot find the file specified
	at java.lang.ProcessImpl.create(Native Method) ~[na:1.8.0_20]
	at java.lang.ProcessImpl.<init>(Unknown Source) ~[na:1.8.0_20]
	at java.lang.ProcessImpl.start(Unknown Source) ~[na:1.8.0_20]
	... 35 common frames omitted
2015-04-05 22:31:41,837 [main] ERROR org.eclipse.jgit.util.FS - Caught exception in FS.readPipe()
java.io.IOException: Cannot run program "bash" (in directory "C:\Users\Radhika"): CreateProcess error=2, The system cannot find the file specified
	at java.lang.ProcessBuilder.start(Unknown Source) ~[na:1.8.0_20]
	at java.lang.Runtime.exec(Unknown Source) ~[na:1.8.0_20]
	at org.eclipse.jgit.util.FS.readPipe(FS.java:431) [org.eclipse.jgit_3.7.0.201502260915-r.jar:3.7.0.201502260915-r]
	at org.eclipse.jgit.util.FS_Win32.discoverGitPrefix(FS_Win32.java:113) [org.eclipse.jgit_3.7.0.201502260915-r.jar:3.7.0.201502260915-r]
	at org.eclipse.jgit.util.FS.gitPrefix(FS.java:517) [org.eclipse.jgit_3.7.0.201502260915-r.jar:3.7.0.201502260915-r]
	at org.eclipse.egit.ui.internal.ConfigurationChecker.checkGitPrefix(ConfigurationChecker.java:69) [org.eclipse.egit.ui_3.7.0.201502260915-r.jar:na]
	at org.eclipse.egit.ui.internal.ConfigurationChecker.check(ConfigurationChecker.java:61) [org.eclipse.egit.ui_3.7.0.201502260915-r.jar:na]
	at org.eclipse.egit.ui.internal.ConfigurationChecker.access$0(ConfigurationChecker.java:60) [org.eclipse.egit.ui_3.7.0.201502260915-r.jar:na]
	at org.eclipse.egit.ui.internal.ConfigurationChecker$1$1.run(ConfigurationChecker.java:48) [org.eclipse.egit.ui_3.7.0.201502260915-r.jar:na]
	at org.eclipse.swt.widgets.RunnableLock.run(RunnableLock.java:35) [org.eclipse.swt.win32.win32.x86_64_3.102.1.v20140206-1358.jar:na]
	at org.eclipse.swt.widgets.Synchronizer.runAsyncMessages(Synchronizer.java:135) [org.eclipse.swt.win32.win32.x86_64_3.102.1.v20140206-1358.jar:na]
	at org.eclipse.swt.widgets.Display.runAsyncMessages(Display.java:4145) [org.eclipse.swt.win32.win32.x86_64_3.102.1.v20140206-1358.jar:na]
	at org.eclipse.swt.widgets.Display.readAndDispatch(Display.java:3762) [org.eclipse.swt.win32.win32.x86_64_3.102.1.v20140206-1358.jar:na]
	at org.eclipse.e4.ui.internal.workbench.swt.PartRenderingEngine$9.run(PartRenderingEngine.java:1113) [org.eclipse.e4.ui.workbench.swt_0.12.2.v20140117-1939.jar:na]
	at org.eclipse.core.databinding.observable.Realm.runWithDefault(Realm.java:332) [org.eclipse.core.databinding.observable_1.4.1.v20130515-1857.jar:na]
	at org.eclipse.e4.ui.internal.workbench.swt.PartRenderingEngine.run(PartRenderingEngine.java:997) [org.eclipse.e4.ui.workbench.swt_0.12.2.v20140117-1939.jar:na]
	at org.eclipse.e4.ui.internal.workbench.E4Workbench.createAndRunUI(E4Workbench.java:140) [org.eclipse.e4.ui.workbench_1.0.2.v20131202-1739.jar:na]
	at org.eclipse.ui.internal.Workbench$5.run(Workbench.java:611) [org.eclipse.ui.workbench_3.105.2.v20140211-1711.jar:na]
	at org.eclipse.core.databinding.observable.Realm.runWithDefault(Realm.java:332) [org.eclipse.core.databinding.observable_1.4.1.v20130515-1857.jar:na]
	at org.eclipse.ui.internal.Workbench.createAndRunWorkbench(Workbench.java:567) [org.eclipse.ui.workbench_3.105.2.v20140211-1711.jar:na]
	at org.eclipse.ui.PlatformUI.createAndRunWorkbench(PlatformUI.java:150) [org.eclipse.ui.workbench_3.105.2.v20140211-1711.jar:na]
	at org.eclipse.ui.internal.ide.application.IDEApplication.start(IDEApplication.java:124) [org.eclipse.ui.ide.application_1.0.401.v20131105-1007.jar:na]
	at org.eclipse.equinox.internal.app.EclipseAppHandle.run(EclipseAppHandle.java:196) [org.eclipse.equinox.app_1.3.100.v20130327-1442.jar:na]
	at org.eclipse.core.runtime.internal.adaptor.EclipseAppLauncher.runApplication(EclipseAppLauncher.java:110) [org.eclipse.osgi_3.9.1.v20140110-1610.jar:na]
	at org.eclipse.core.runtime.internal.adaptor.EclipseAppLauncher.start(EclipseAppLauncher.java:79) [org.eclipse.osgi_3.9.1.v20140110-1610.jar:na]
	at org.eclipse.core.runtime.adaptor.EclipseStarter.run(EclipseStarter.java:354) [org.eclipse.osgi_3.9.1.v20140110-1610.jar:na]
	at org.eclipse.core.runtime.adaptor.EclipseStarter.run(EclipseStarter.java:181) [org.eclipse.osgi_3.9.1.v20140110-1610.jar:na]
	at sun.reflect.NativeMethodAccessorImpl.invoke0(Native Method) ~[na:1.8.0_20]
	at sun.reflect.NativeMethodAccessorImpl.invoke(Unknown Source) ~[na:1.8.0_20]
	at sun.reflect.DelegatingMethodAccessorImpl.invoke(Unknown Source) ~[na:1.8.0_20]
	at java.lang.reflect.Method.invoke(Unknown Source) ~[na:1.8.0_20]
	at org.eclipse.equinox.launcher.Main.invokeFramework(Main.java:636) [org.eclipse.equinox.launcher_1.3.0.v20130327-1440.jar:na]
	at org.eclipse.equinox.launcher.Main.basicRun(Main.java:591) [org.eclipse.equinox.launcher_1.3.0.v20130327-1440.jar:na]
	at org.eclipse.equinox.launcher.Main.run(Main.java:1450) [org.eclipse.equinox.launcher_1.3.0.v20130327-1440.jar:na]
	at org.eclipse.equinox.launcher.Main.main(Main.java:1426) [org.eclipse.equinox.launcher_1.3.0.v20130327-1440.jar:na]
Caused by: java.io.IOException: CreateProcess error=2, The system cannot find the file specified
	at java.lang.ProcessImpl.create(Native Method) ~[na:1.8.0_20]
	at java.lang.ProcessImpl.<init>(Unknown Source) ~[na:1.8.0_20]
	at java.lang.ProcessImpl.start(Unknown Source) ~[na:1.8.0_20]
	... 35 common frames omitted
2015-04-06 21:59:28,354 [main] ERROR org.eclipse.jgit.util.FS - Caught exception in FS.readPipe()
java.io.IOException: Cannot run program "bash" (in directory "C:\Users\Radhika"): CreateProcess error=2, The system cannot find the file specified
	at java.lang.ProcessBuilder.start(Unknown Source) ~[na:1.8.0_20]
	at java.lang.Runtime.exec(Unknown Source) ~[na:1.8.0_20]
	at org.eclipse.jgit.util.FS.readPipe(FS.java:431) [org.eclipse.jgit_3.7.0.201502260915-r.jar:3.7.0.201502260915-r]
	at org.eclipse.jgit.util.FS_Win32.discoverGitPrefix(FS_Win32.java:113) [org.eclipse.jgit_3.7.0.201502260915-r.jar:3.7.0.201502260915-r]
	at org.eclipse.jgit.util.FS.gitPrefix(FS.java:517) [org.eclipse.jgit_3.7.0.201502260915-r.jar:3.7.0.201502260915-r]
	at org.eclipse.egit.ui.internal.ConfigurationChecker.checkGitPrefix(ConfigurationChecker.java:69) [org.eclipse.egit.ui_3.7.0.201502260915-r.jar:na]
	at org.eclipse.egit.ui.internal.ConfigurationChecker.check(ConfigurationChecker.java:61) [org.eclipse.egit.ui_3.7.0.201502260915-r.jar:na]
	at org.eclipse.egit.ui.internal.ConfigurationChecker.access$0(ConfigurationChecker.java:60) [org.eclipse.egit.ui_3.7.0.201502260915-r.jar:na]
	at org.eclipse.egit.ui.internal.ConfigurationChecker$1$1.run(ConfigurationChecker.java:48) [org.eclipse.egit.ui_3.7.0.201502260915-r.jar:na]
	at org.eclipse.swt.widgets.RunnableLock.run(RunnableLock.java:35) [org.eclipse.swt.win32.win32.x86_64_3.102.1.v20140206-1358.jar:na]
	at org.eclipse.swt.widgets.Synchronizer.runAsyncMessages(Synchronizer.java:135) [org.eclipse.swt.win32.win32.x86_64_3.102.1.v20140206-1358.jar:na]
	at org.eclipse.swt.widgets.Display.runAsyncMessages(Display.java:4145) [org.eclipse.swt.win32.win32.x86_64_3.102.1.v20140206-1358.jar:na]
	at org.eclipse.swt.widgets.Display.readAndDispatch(Display.java:3762) [org.eclipse.swt.win32.win32.x86_64_3.102.1.v20140206-1358.jar:na]
	at org.eclipse.e4.ui.internal.workbench.swt.PartRenderingEngine$9.run(PartRenderingEngine.java:1113) [org.eclipse.e4.ui.workbench.swt_0.12.2.v20140117-1939.jar:na]
	at org.eclipse.core.databinding.observable.Realm.runWithDefault(Realm.java:332) [org.eclipse.core.databinding.observable_1.4.1.v20130515-1857.jar:na]
	at org.eclipse.e4.ui.internal.workbench.swt.PartRenderingEngine.run(PartRenderingEngine.java:997) [org.eclipse.e4.ui.workbench.swt_0.12.2.v20140117-1939.jar:na]
	at org.eclipse.e4.ui.internal.workbench.E4Workbench.createAndRunUI(E4Workbench.java:140) [org.eclipse.e4.ui.workbench_1.0.2.v20131202-1739.jar:na]
	at org.eclipse.ui.internal.Workbench$5.run(Workbench.java:611) [org.eclipse.ui.workbench_3.105.2.v20140211-1711.jar:na]
	at org.eclipse.core.databinding.observable.Realm.runWithDefault(Realm.java:332) [org.eclipse.core.databinding.observable_1.4.1.v20130515-1857.jar:na]
	at org.eclipse.ui.internal.Workbench.createAndRunWorkbench(Workbench.java:567) [org.eclipse.ui.workbench_3.105.2.v20140211-1711.jar:na]
	at org.eclipse.ui.PlatformUI.createAndRunWorkbench(PlatformUI.java:150) [org.eclipse.ui.workbench_3.105.2.v20140211-1711.jar:na]
	at org.eclipse.ui.internal.ide.application.IDEApplication.start(IDEApplication.java:124) [org.eclipse.ui.ide.application_1.0.401.v20131105-1007.jar:na]
	at org.eclipse.equinox.internal.app.EclipseAppHandle.run(EclipseAppHandle.java:196) [org.eclipse.equinox.app_1.3.100.v20130327-1442.jar:na]
	at org.eclipse.core.runtime.internal.adaptor.EclipseAppLauncher.runApplication(EclipseAppLauncher.java:110) [org.eclipse.osgi_3.9.1.v20140110-1610.jar:na]
	at org.eclipse.core.runtime.internal.adaptor.EclipseAppLauncher.start(EclipseAppLauncher.java:79) [org.eclipse.osgi_3.9.1.v20140110-1610.jar:na]
	at org.eclipse.core.runtime.adaptor.EclipseStarter.run(EclipseStarter.java:354) [org.eclipse.osgi_3.9.1.v20140110-1610.jar:na]
	at org.eclipse.core.runtime.adaptor.EclipseStarter.run(EclipseStarter.java:181) [org.eclipse.osgi_3.9.1.v20140110-1610.jar:na]
	at sun.reflect.NativeMethodAccessorImpl.invoke0(Native Method) ~[na:1.8.0_20]
	at sun.reflect.NativeMethodAccessorImpl.invoke(Unknown Source) ~[na:1.8.0_20]
	at sun.reflect.DelegatingMethodAccessorImpl.invoke(Unknown Source) ~[na:1.8.0_20]
	at java.lang.reflect.Method.invoke(Unknown Source) ~[na:1.8.0_20]
	at org.eclipse.equinox.launcher.Main.invokeFramework(Main.java:636) [org.eclipse.equinox.launcher_1.3.0.v20130327-1440.jar:na]
	at org.eclipse.equinox.launcher.Main.basicRun(Main.java:591) [org.eclipse.equinox.launcher_1.3.0.v20130327-1440.jar:na]
	at org.eclipse.equinox.launcher.Main.run(Main.java:1450) [org.eclipse.equinox.launcher_1.3.0.v20130327-1440.jar:na]
	at org.eclipse.equinox.launcher.Main.main(Main.java:1426) [org.eclipse.equinox.launcher_1.3.0.v20130327-1440.jar:na]
Caused by: java.io.IOException: CreateProcess error=2, The system cannot find the file specified
	at java.lang.ProcessImpl.create(Native Method) ~[na:1.8.0_20]
	at java.lang.ProcessImpl.<init>(Unknown Source) ~[na:1.8.0_20]
	at java.lang.ProcessImpl.start(Unknown Source) ~[na:1.8.0_20]
	... 35 common frames omitted
2015-04-06 22:02:59,992 [main] ERROR org.eclipse.jgit.util.FS - Caught exception in FS.readPipe()
java.io.IOException: Cannot run program "bash" (in directory "C:\Users\Radhika"): CreateProcess error=2, The system cannot find the file specified
	at java.lang.ProcessBuilder.start(Unknown Source) ~[na:1.8.0_20]
	at java.lang.Runtime.exec(Unknown Source) ~[na:1.8.0_20]
	at org.eclipse.jgit.util.FS.readPipe(FS.java:431) [org.eclipse.jgit_3.7.0.201502260915-r.jar:3.7.0.201502260915-r]
	at org.eclipse.jgit.util.FS_Win32.discoverGitPrefix(FS_Win32.java:113) [org.eclipse.jgit_3.7.0.201502260915-r.jar:3.7.0.201502260915-r]
	at org.eclipse.jgit.util.FS.gitPrefix(FS.java:517) [org.eclipse.jgit_3.7.0.201502260915-r.jar:3.7.0.201502260915-r]
	at org.eclipse.egit.ui.internal.ConfigurationChecker.checkGitPrefix(ConfigurationChecker.java:69) [org.eclipse.egit.ui_3.7.0.201502260915-r.jar:na]
	at org.eclipse.egit.ui.internal.ConfigurationChecker.check(ConfigurationChecker.java:61) [org.eclipse.egit.ui_3.7.0.201502260915-r.jar:na]
	at org.eclipse.egit.ui.internal.ConfigurationChecker.access$0(ConfigurationChecker.java:60) [org.eclipse.egit.ui_3.7.0.201502260915-r.jar:na]
	at org.eclipse.egit.ui.internal.ConfigurationChecker$1$1.run(ConfigurationChecker.java:48) [org.eclipse.egit.ui_3.7.0.201502260915-r.jar:na]
	at org.eclipse.swt.widgets.RunnableLock.run(RunnableLock.java:35) [org.eclipse.swt.win32.win32.x86_64_3.102.1.v20140206-1358.jar:na]
	at org.eclipse.swt.widgets.Synchronizer.runAsyncMessages(Synchronizer.java:135) [org.eclipse.swt.win32.win32.x86_64_3.102.1.v20140206-1358.jar:na]
	at org.eclipse.swt.widgets.Display.runAsyncMessages(Display.java:4145) [org.eclipse.swt.win32.win32.x86_64_3.102.1.v20140206-1358.jar:na]
	at org.eclipse.swt.widgets.Display.readAndDispatch(Display.java:3762) [org.eclipse.swt.win32.win32.x86_64_3.102.1.v20140206-1358.jar:na]
	at org.eclipse.ui.internal.dialogs.EventLoopProgressMonitor.runEventLoop(EventLoopProgressMonitor.java:123) [org.eclipse.ui.workbench_3.105.2.v20140211-1711.jar:na]
	at org.eclipse.ui.internal.dialogs.EventLoopProgressMonitor.isCanceled(EventLoopProgressMonitor.java:97) [org.eclipse.ui.workbench_3.105.2.v20140211-1711.jar:na]
	at org.eclipse.core.internal.jobs.ThreadJob.isCanceled(ThreadJob.java:144) [org.eclipse.core.jobs_3.5.300.v20130429-1813.jar:na]
	at org.eclipse.core.internal.jobs.ThreadJob.waitForRun(ThreadJob.java:233) [org.eclipse.core.jobs_3.5.300.v20130429-1813.jar:na]
	at org.eclipse.core.internal.jobs.ThreadJob.joinRun(ThreadJob.java:197) [org.eclipse.core.jobs_3.5.300.v20130429-1813.jar:na]
	at org.eclipse.core.internal.jobs.ImplicitJobs.begin(ImplicitJobs.java:92) [org.eclipse.core.jobs_3.5.300.v20130429-1813.jar:na]
	at org.eclipse.core.internal.jobs.JobManager.beginRule(JobManager.java:286) [org.eclipse.core.jobs_3.5.300.v20130429-1813.jar:na]
	at org.eclipse.core.internal.resources.WorkManager.checkIn(WorkManager.java:118) [org.eclipse.core.resources_3.8.101.v20130717-0806.jar:na]
	at org.eclipse.core.internal.resources.Workspace.prepareOperation(Workspace.java:2283) [org.eclipse.core.resources_3.8.101.v20130717-0806.jar:na]
	at org.eclipse.core.internal.resources.Workspace.run(Workspace.java:2340) [org.eclipse.core.resources_3.8.101.v20130717-0806.jar:na]
	at org.eclipse.jdt.internal.ui.wizards.buildpaths.newsourcepage.DialogPackageExplorer.setSelection(DialogPackageExplorer.java:461) [org.eclipse.jdt.ui_3.9.2.v20131106-1600.jar:na]
	at org.eclipse.jdt.internal.ui.wizards.buildpaths.newsourcepage.DialogPackageExplorer.setInput(DialogPackageExplorer.java:438) [org.eclipse.jdt.ui_3.9.2.v20131106-1600.jar:na]
	at org.eclipse.jdt.internal.ui.wizards.buildpaths.newsourcepage.NewSourceContainerWorkbookPage.doUpdateUI(NewSourceContainerWorkbookPage.java:138) [org.eclipse.jdt.ui_3.9.2.v20131106-1600.jar:na]
	at org.eclipse.jdt.internal.ui.wizards.buildpaths.newsourcepage.NewSourceContainerWorkbookPage.access$0(NewSourceContainerWorkbookPage.java:137) [org.eclipse.jdt.ui_3.9.2.v20131106-1600.jar:na]
	at org.eclipse.jdt.internal.ui.wizards.buildpaths.newsourcepage.NewSourceContainerWorkbookPage$1.run(NewSourceContainerWorkbookPage.java:131) [org.eclipse.jdt.ui_3.9.2.v20131106-1600.jar:na]
	at org.eclipse.swt.widgets.RunnableLock.run(RunnableLock.java:35) [org.eclipse.swt.win32.win32.x86_64_3.102.1.v20140206-1358.jar:na]
	at org.eclipse.swt.widgets.Synchronizer.runAsyncMessages(Synchronizer.java:135) [org.eclipse.swt.win32.win32.x86_64_3.102.1.v20140206-1358.jar:na]
	at org.eclipse.swt.widgets.Display.runAsyncMessages(Display.java:4145) [org.eclipse.swt.win32.win32.x86_64_3.102.1.v20140206-1358.jar:na]
	at org.eclipse.swt.widgets.Display.readAndDispatch(Display.java:3762) [org.eclipse.swt.win32.win32.x86_64_3.102.1.v20140206-1358.jar:na]
	at org.eclipse.jface.operation.ModalContext$ModalContextThread.block(ModalContext.java:173) [org.eclipse.jface_3.9.1.v20130725-1141.jar:na]
	at org.eclipse.jface.operation.ModalContext.run(ModalContext.java:388) [org.eclipse.jface_3.9.1.v20130725-1141.jar:na]
	at org.eclipse.jface.wizard.WizardDialog.run(WizardDialog.java:1028) [org.eclipse.jface_3.9.1.v20130725-1141.jar:na]
	at org.eclipse.jdt.internal.ui.wizards.NewElementWizard.performFinish(NewElementWizard.java:134) [org.eclipse.jdt.ui_3.9.2.v20131106-1600.jar:na]
	at org.eclipse.jdt.internal.ui.wizards.JavaProjectWizard.performFinish(JavaProjectWizard.java:90) [org.eclipse.jdt.ui_3.9.2.v20131106-1600.jar:na]
	at org.eclipse.jface.wizard.WizardDialog.finishPressed(WizardDialog.java:827) [org.eclipse.jface_3.9.1.v20130725-1141.jar:na]
	at org.eclipse.jface.wizard.WizardDialog.buttonPressed(WizardDialog.java:432) [org.eclipse.jface_3.9.1.v20130725-1141.jar:na]
	at org.eclipse.jface.dialogs.Dialog$2.widgetSelected(Dialog.java:628) [org.eclipse.jface_3.9.1.v20130725-1141.jar:na]
	at org.eclipse.swt.widgets.TypedListener.handleEvent(TypedListener.java:248) [org.eclipse.swt.win32.win32.x86_64_3.102.1.v20140206-1358.jar:na]
	at org.eclipse.swt.widgets.EventTable.sendEvent(EventTable.java:84) [org.eclipse.swt.win32.win32.x86_64_3.102.1.v20140206-1358.jar:na]
	at org.eclipse.swt.widgets.Widget.sendEvent(Widget.java:1057) [org.eclipse.swt.win32.win32.x86_64_3.102.1.v20140206-1358.jar:na]
	at org.eclipse.swt.widgets.Display.runDeferredEvents(Display.java:4170) [org.eclipse.swt.win32.win32.x86_64_3.102.1.v20140206-1358.jar:na]
	at org.eclipse.swt.widgets.Display.readAndDispatch(Display.java:3759) [org.eclipse.swt.win32.win32.x86_64_3.102.1.v20140206-1358.jar:na]
	at org.eclipse.jface.window.Window.runEventLoop(Window.java:826) [org.eclipse.jface_3.9.1.v20130725-1141.jar:na]
	at org.eclipse.jface.window.Window.open(Window.java:802) [org.eclipse.jface_3.9.1.v20130725-1141.jar:na]
	at org.eclipse.ui.internal.handlers.WizardHandler$New.executeHandler(WizardHandler.java:259) [org.eclipse.ui.workbench_3.105.2.v20140211-1711.jar:na]
	at org.eclipse.ui.internal.handlers.WizardHandler.execute(WizardHandler.java:279) [org.eclipse.ui.workbench_3.105.2.v20140211-1711.jar:na]
	at org.eclipse.ui.internal.handlers.HandlerProxy.execute(HandlerProxy.java:290) [org.eclipse.ui.workbench_3.105.2.v20140211-1711.jar:na]
	at org.eclipse.ui.internal.handlers.E4HandlerProxy.execute(E4HandlerProxy.java:90) [org.eclipse.ui.workbench_3.105.2.v20140211-1711.jar:na]
	at sun.reflect.NativeMethodAccessorImpl.invoke0(Native Method) ~[na:1.8.0_20]
	at sun.reflect.NativeMethodAccessorImpl.invoke(Unknown Source) ~[na:1.8.0_20]
	at sun.reflect.DelegatingMethodAccessorImpl.invoke(Unknown Source) ~[na:1.8.0_20]
	at java.lang.reflect.Method.invoke(Unknown Source) ~[na:1.8.0_20]
	at org.eclipse.e4.core.internal.di.MethodRequestor.execute(MethodRequestor.java:56) [org.eclipse.e4.core.di_1.3.0.v20130514-1256.jar:na]
	at org.eclipse.e4.core.internal.di.InjectorImpl.invokeUsingClass(InjectorImpl.java:243) [org.eclipse.e4.core.di_1.3.0.v20130514-1256.jar:na]
	at org.eclipse.e4.core.internal.di.InjectorImpl.invoke(InjectorImpl.java:224) [org.eclipse.e4.core.di_1.3.0.v20130514-1256.jar:na]
	at org.eclipse.e4.core.contexts.ContextInjectionFactory.invoke(ContextInjectionFactory.java:132) [org.eclipse.e4.core.contexts_1.3.1.v20130905-0905.jar:na]
	at org.eclipse.e4.core.commands.internal.HandlerServiceHandler.execute(HandlerServiceHandler.java:167) [org.eclipse.e4.core.commands_0.10.2.v20130515-1857.jar:na]
	at org.eclipse.core.commands.Command.executeWithChecks(Command.java:499) [org.eclipse.core.commands_3.6.100.v20130515-1857.jar:na]
	at org.eclipse.core.commands.ParameterizedCommand.executeWithChecks(ParameterizedCommand.java:508) [org.eclipse.core.commands_3.6.100.v20130515-1857.jar:na]
	at org.eclipse.e4.core.commands.internal.HandlerServiceImpl.executeHandler(HandlerServiceImpl.java:213) [org.eclipse.e4.core.commands_0.10.2.v20130515-1857.jar:na]
	at org.eclipse.ui.internal.handlers.LegacyHandlerService.executeCommand(LegacyHandlerService.java:420) [org.eclipse.ui.workbench_3.105.2.v20140211-1711.jar:na]
	at org.eclipse.ui.internal.actions.CommandAction.runWithEvent(CommandAction.java:157) [org.eclipse.ui.workbench_3.105.2.v20140211-1711.jar:na]
	at org.eclipse.jface.action.ActionContributionItem.handleWidgetSelection(ActionContributionItem.java:584) [org.eclipse.jface_3.9.1.v20130725-1141.jar:na]
	at org.eclipse.jface.action.ActionContributionItem.access$2(ActionContributionItem.java:501) [org.eclipse.jface_3.9.1.v20130725-1141.jar:na]
	at org.eclipse.jface.action.ActionContributionItem$5.handleEvent(ActionContributionItem.java:411) [org.eclipse.jface_3.9.1.v20130725-1141.jar:na]
	at org.eclipse.swt.widgets.EventTable.sendEvent(EventTable.java:84) [org.eclipse.swt.win32.win32.x86_64_3.102.1.v20140206-1358.jar:na]
	at org.eclipse.swt.widgets.Widget.sendEvent(Widget.java:1057) [org.eclipse.swt.win32.win32.x86_64_3.102.1.v20140206-1358.jar:na]
	at org.eclipse.swt.widgets.Display.runDeferredEvents(Display.java:4170) [org.eclipse.swt.win32.win32.x86_64_3.102.1.v20140206-1358.jar:na]
	at org.eclipse.swt.widgets.Display.readAndDispatch(Display.java:3759) [org.eclipse.swt.win32.win32.x86_64_3.102.1.v20140206-1358.jar:na]
	at org.eclipse.e4.ui.internal.workbench.swt.PartRenderingEngine$9.run(PartRenderingEngine.java:1113) [org.eclipse.e4.ui.workbench.swt_0.12.2.v20140117-1939.jar:na]
	at org.eclipse.core.databinding.observable.Realm.runWithDefault(Realm.java:332) [org.eclipse.core.databinding.observable_1.4.1.v20130515-1857.jar:na]
	at org.eclipse.e4.ui.internal.workbench.swt.PartRenderingEngine.run(PartRenderingEngine.java:997) [org.eclipse.e4.ui.workbench.swt_0.12.2.v20140117-1939.jar:na]
	at org.eclipse.e4.ui.internal.workbench.E4Workbench.createAndRunUI(E4Workbench.java:140) [org.eclipse.e4.ui.workbench_1.0.2.v20131202-1739.jar:na]
	at org.eclipse.ui.internal.Workbench$5.run(Workbench.java:611) [org.eclipse.ui.workbench_3.105.2.v20140211-1711.jar:na]
	at org.eclipse.core.databinding.observable.Realm.runWithDefault(Realm.java:332) [org.eclipse.core.databinding.observable_1.4.1.v20130515-1857.jar:na]
	at org.eclipse.ui.internal.Workbench.createAndRunWorkbench(Workbench.java:567) [org.eclipse.ui.workbench_3.105.2.v20140211-1711.jar:na]
	at org.eclipse.ui.PlatformUI.createAndRunWorkbench(PlatformUI.java:150) [org.eclipse.ui.workbench_3.105.2.v20140211-1711.jar:na]
	at org.eclipse.ui.internal.ide.application.IDEApplication.start(IDEApplication.java:124) [org.eclipse.ui.ide.application_1.0.401.v20131105-1007.jar:na]
	at org.eclipse.equinox.internal.app.EclipseAppHandle.run(EclipseAppHandle.java:196) [org.eclipse.equinox.app_1.3.100.v20130327-1442.jar:na]
	at org.eclipse.core.runtime.internal.adaptor.EclipseAppLauncher.runApplication(EclipseAppLauncher.java:110) [org.eclipse.osgi_3.9.1.v20140110-1610.jar:na]
	at org.eclipse.core.runtime.internal.adaptor.EclipseAppLauncher.start(EclipseAppLauncher.java:79) [org.eclipse.osgi_3.9.1.v20140110-1610.jar:na]
	at org.eclipse.core.runtime.adaptor.EclipseStarter.run(EclipseStarter.java:354) [org.eclipse.osgi_3.9.1.v20140110-1610.jar:na]
	at org.eclipse.core.runtime.adaptor.EclipseStarter.run(EclipseStarter.java:181) [org.eclipse.osgi_3.9.1.v20140110-1610.jar:na]
	at sun.reflect.NativeMethodAccessorImpl.invoke0(Native Method) ~[na:1.8.0_20]
	at sun.reflect.NativeMethodAccessorImpl.invoke(Unknown Source) ~[na:1.8.0_20]
	at sun.reflect.DelegatingMethodAccessorImpl.invoke(Unknown Source) ~[na:1.8.0_20]
	at java.lang.reflect.Method.invoke(Unknown Source) ~[na:1.8.0_20]
	at org.eclipse.equinox.launcher.Main.invokeFramework(Main.java:636) [org.eclipse.equinox.launcher_1.3.0.v20130327-1440.jar:na]
	at org.eclipse.equinox.launcher.Main.basicRun(Main.java:591) [org.eclipse.equinox.launcher_1.3.0.v20130327-1440.jar:na]
	at org.eclipse.equinox.launcher.Main.run(Main.java:1450) [org.eclipse.equinox.launcher_1.3.0.v20130327-1440.jar:na]
	at org.eclipse.equinox.launcher.Main.main(Main.java:1426) [org.eclipse.equinox.launcher_1.3.0.v20130327-1440.jar:na]
Caused by: java.io.IOException: CreateProcess error=2, The system cannot find the file specified
	at java.lang.ProcessImpl.create(Native Method) ~[na:1.8.0_20]
	at java.lang.ProcessImpl.<init>(Unknown Source) ~[na:1.8.0_20]
	at java.lang.ProcessImpl.start(Unknown Source) ~[na:1.8.0_20]
	... 94 common frames omitted
